<?xml version="1.0" encoding="UTF-8"?>
<!-- Generated by org.testng.reporters.JUnitReportReporter -->
<testsuite hostname="DESKTOP-4K8BJUH" failures="0" tests="2" name="ServiceBox.TestComponents.validationMessageScenarios" time="53.770" errors="0" timestamp="2024-08-07T17:48:46 IST" skipped="0">
  <testcase classname="ServiceBox.TestComponents.validationMessageScenarios" name="lisencePlateMessageValidation" time="21.562"/>
  <testcase classname="ServiceBox.TestComponents.validationMessageScenarios" name="vehicleIdentificationNumberValidation" time="32.208"/>
</testsuite> <!-- ServiceBox.TestComponents.validationMessageScenarios -->
